Arguments: 
  C:\Program Files\nodejs\node.exe C:\Users\Chuks\AppData\Roaming\npm\node_modules\yarn\bin\yarn.js add --dev --off babel-cli autoprefixer babel-core babel-loader babel-preset-env babel-preset-env css-loader

PATH: 
  C:\tools\cmder\bin;C:\tools\cmder\vendor\conemu-maximus5\ConEmu\Scripts;C:\tools\cmder\vendor\conemu-maximus5;C:\tools\cmder\vendor\conemu-maximus5\ConEmu;C:\Program Files\Broadcom\Broadcom 802.11;C:\Windows\system32;C:\Windows;C:\Windows\System32\Wbem;C:\Windows\System32\WindowsPowerShell\v1.0\;C:\Program Files\Hewlett-Packard\SimplePass\;C:\Program Files (x86)\ATI Technologies\ATI.ACE\Core-Static;C:\ProgramData\chocolatey\bin;C:\Program Files\nodejs\;C:\Android\android-sdk\tools;C:\Android\android-sdk\platform-tools;C:\Program Files\Git\cmd;C:\Users\Chuks\scoop\apps\nodejs-lts\current\bin;C:\Users\Chuks\scoop\apps\nodejs-lts\current;C:\Users\Chuks\scoop\shims;C:\Users\Chuks\AppData\Roaming\npm;C:\tools\cmder;;C:\Program Files\Git\usr\bin;C:\Program Files\Git\usr\share\vim\vim74;C:\tools\cmder\

Yarn version: 
  0.24.5

Node version: 
  8.1.3

Platform: 
  win32 x64

npm manifest: 
  {
    "name": "chuksFestus_profile",
    "version": "1.0.0",
    "main": "index.js",
    "author": "Chuks Festus",
    "license": "MIT"
  }

yarn manifest: 
  No manifest

Lockfile: 
  No lockfile

Trace: 
  Error: getaddrinfo ENOENT registry.yarnpkg.com:443
      at Object.exports._errnoException (util.js:1022:11)
      at errnoException (dns.js:55:15)
      at GetAddrInfoReqWrap.onlookup [as oncomplete] (dns.js:91:26)
